<?xml version="1.0" encoding="UTF-8"?>
<testsuite name="AnnalynsInfiltrationTest" tests="1" skipped="0" failures="0" errors="0" timestamp="2025-09-20T14:23:36" hostname="BIJANSURY" time="0.08">
  <properties/>
  <testcase name="The canFastAttack method returns true when knight is sleeping" classname="AnnalynsInfiltrationTest" time="0.08"/>
  <system-out><![CDATA[]]></system-out>
  <system-err><![CDATA[]]></system-err>
</testsuite>
